<?xml version="1.0" encoding="UTF-8"?>
<coverage generated="1774559426652" clover="3.2.0">
  <project timestamp="1774559426652" name="All files">
    <metrics statements="70" coveredstatements="69" conditionals="20" coveredconditionals="19" methods="22" coveredmethods="21" elements="112" coveredelements="109" complexity="0" loc="70" ncloc="70" packages="1" files="4" classes="4"/>
    <file name="auth.ts" path="/Users/jblanche/dev/sector-alarm/src/auth.ts">
      <metrics statements="23" coveredstatements="23" conditionals="8" coveredconditionals="8" methods="4" coveredmethods="4"/>
      <line num="10" count="23" type="stmt"/>
      <line num="11" count="23" type="stmt"/>
      <line num="12" count="23" type="cond" truecount="2" falsecount="0"/>
      <line num="13" count="1" type="stmt"/>
      <line num="15" count="22" type="stmt"/>
      <line num="16" count="22" type="stmt"/>
      <line num="20" count="25" type="stmt"/>
      <line num="21" count="25" type="stmt"/>
      <line num="27" count="25" type="stmt"/>
      <line num="28" count="25" type="stmt"/>
      <line num="29" count="25" type="stmt"/>
      <line num="33" count="27" type="cond" truecount="4" falsecount="0"/>
      <line num="34" count="1" type="stmt"/>
      <line num="36" count="26" type="stmt"/>
      <line num="40" count="26" type="stmt"/>
      <line num="45" count="26" type="stmt"/>
      <line num="51" count="26" type="cond" truecount="2" falsecount="0"/>
      <line num="52" count="3" type="stmt"/>
      <line num="58" count="23" type="stmt"/>
      <line num="59" count="23" type="stmt"/>
      <line num="61" count="23" type="stmt"/>
      <line num="62" count="23" type="stmt"/>
      <line num="64" count="23" type="stmt"/>
    </file>
    <file name="client.ts" path="/Users/jblanche/dev/sector-alarm/src/client.ts">
      <metrics statements="27" coveredstatements="26" conditionals="8" coveredconditionals="7" methods="12" coveredmethods="12"/>
      <line num="15" count="1" type="stmt"/>
      <line num="24" count="19" type="cond" truecount="2" falsecount="0"/>
      <line num="25" count="19" type="stmt"/>
      <line num="26" count="19" type="stmt"/>
      <line num="27" count="19" type="stmt"/>
      <line num="31" count="7" type="stmt"/>
      <line num="39" count="1" type="stmt"/>
      <line num="47" count="1" type="stmt"/>
      <line num="55" count="1" type="stmt"/>
      <line num="64" count="1" type="stmt"/>
      <line num="72" count="1" type="stmt"/>
      <line num="80" count="2" type="stmt"/>
      <line num="84" count="2" type="cond" truecount="2" falsecount="0"/>
      <line num="85" count="1" type="stmt"/>
      <line num="87" count="2" type="stmt"/>
      <line num="91" count="2" type="stmt"/>
      <line num="95" count="2" type="cond" truecount="2" falsecount="0"/>
      <line num="96" count="1" type="stmt"/>
      <line num="98" count="2" type="stmt"/>
      <line num="102" count="1" type="stmt"/>
      <line num="106" count="1" type="cond" truecount="1" falsecount="1"/>
      <line num="107" count="0" type="stmt"/>
      <line num="109" count="1" type="stmt"/>
      <line num="113" count="1" type="stmt"/>
      <line num="118" count="1" type="stmt"/>
      <line num="122" count="1" type="stmt"/>
      <line num="127" count="1" type="stmt"/>
    </file>
    <file name="endpoints.ts" path="/Users/jblanche/dev/sector-alarm/src/endpoints.ts">
      <metrics statements="12" coveredstatements="12" conditionals="4" coveredconditionals="4" methods="4" coveredmethods="3"/>
      <line num="12" count="11" type="stmt"/>
      <line num="14" count="9" type="stmt"/>
      <line num="22" count="9" type="stmt"/>
      <line num="31" count="8" type="stmt"/>
      <line num="33" count="8" type="stmt"/>
      <line num="42" count="8" type="stmt"/>
      <line num="46" count="17" type="cond" truecount="2" falsecount="0"/>
      <line num="47" count="1" type="stmt"/>
      <line num="50" count="16" type="cond" truecount="2" falsecount="0"/>
      <line num="51" count="2" type="stmt"/>
      <line num="52" count="2" type="stmt"/>
      <line num="58" count="14" type="stmt"/>
    </file>
    <file name="types.ts" path="/Users/jblanche/dev/sector-alarm/src/types.ts">
      <metrics statements="8" coveredstatements="8" conditionals="0" coveredconditionals="0" methods="2" coveredmethods="2"/>
      <line num="98" count="5" type="stmt"/>
      <line num="102" count="5" type="stmt"/>
      <line num="103" count="5" type="stmt"/>
      <line num="104" count="5" type="stmt"/>
      <line num="109" count="2" type="stmt"/>
      <line num="113" count="2" type="stmt"/>
      <line num="114" count="2" type="stmt"/>
      <line num="115" count="2" type="stmt"/>
    </file>
  </project>
</coverage>
