{"/Users/jblanche/dev/sector-alarm/src/auth.ts": {"path":"/Users/jblanche/dev/sector-alarm/src/auth.ts","statementMap":{"0":{"start":{"line":10,"column":16},"end":{"line":10,"column":32}},"1":{"start":{"line":11,"column":18},"end":{"line":11,"column":null}},"2":{"start":{"line":12,"column":2},"end":{"line":13,"column":null}},"3":{"start":{"line":13,"column":4},"end":{"line":13,"column":null}},"4":{"start":{"line":15,"column":18},"end":{"line":15,"column":69}},"5":{"start":{"line":16,"column":2},"end":{"line":16,"column":null}},"6":{"start":{"line":20,"column":33},"end":{"line":20,"column":null}},"7":{"start":{"line":21,"column":22},"end":{"line":21,"column":null}},"8":{"start":{"line":27,"column":4},"end":{"line":27,"column":null}},"9":{"start":{"line":28,"column":4},"end":{"line":28,"column":null}},"10":{"start":{"line":29,"column":4},"end":{"line":29,"column":null}},"11":{"start":{"line":33,"column":4},"end":{"line":34,"column":null}},"12":{"start":{"line":34,"column":6},"end":{"line":34,"column":null}},"13":{"start":{"line":36,"column":4},"end":{"line":36,"column":null}},"14":{"start":{"line":40,"column":31},"end":{"line":43,"column":null}},"15":{"start":{"line":45,"column":21},"end":{"line":49,"column":6}},"16":{"start":{"line":51,"column":4},"end":{"line":55,"column":null}},"17":{"start":{"line":52,"column":6},"end":{"line":55,"column":null}},"18":{"start":{"line":58,"column":18},"end":{"line":58,"column":39}},"19":{"start":{"line":59,"column":4},"end":{"line":59,"column":null}},"20":{"start":{"line":61,"column":20},"end":{"line":61,"column":48}},"21":{"start":{"line":62,"column":4},"end":{"line":62,"column":null}},"22":{"start":{"line":64,"column":4},"end":{"line":64,"column":null}}},"fnMap":{"0":{"name":"decodeJwtPayload","decl":{"start":{"line":9,"column":9},"end":{"line":9,"column":26}},"loc":{"start":{"line":9,"column":53},"end":{"line":16,"column":null}},"line":9},"1":{"name":"(anonymous_1)","decl":{"start":{"line":26,"column":2},"end":{"line":26,"column":14}},"loc":{"start":{"line":26,"column":64},"end":{"line":29,"column":null}},"line":26},"2":{"name":"(anonymous_2)","decl":{"start":{"line":32,"column":8},"end":{"line":32,"column":36}},"loc":{"start":{"line":32,"column":36},"end":{"line":36,"column":null}},"line":32},"3":{"name":"(anonymous_3)","decl":{"start":{"line":39,"column":16},"end":{"line":39,"column":41}},"loc":{"start":{"line":39,"column":41},"end":{"line":64,"column":null}},"line":39}},"branchMap":{"0":{"loc":{"start":{"line":12,"column":2},"end":{"line":13,"column":null}},"type":"if","locations":[{"start":{"line":12,"column":2},"end":{"line":13,"column":null}},{"start":{},"end":{}}],"line":12},"1":{"loc":{"start":{"line":33,"column":4},"end":{"line":34,"column":null}},"type":"if","locations":[{"start":{"line":33,"column":4},"end":{"line":34,"column":null}},{"start":{},"end":{}}],"line":33},"2":{"loc":{"start":{"line":33,"column":8},"end":{"line":33,"column":60}},"type":"binary-expr","locations":[{"start":{"line":33,"column":8},"end":{"line":33,"column":22}},{"start":{"line":33,"column":22},"end":{"line":33,"column":60}}],"line":33},"3":{"loc":{"start":{"line":51,"column":4},"end":{"line":55,"column":null}},"type":"if","locations":[{"start":{"line":51,"column":4},"end":{"line":55,"column":null}},{"start":{},"end":{}}],"line":51}},"s":{"0":23,"1":23,"2":23,"3":1,"4":22,"5":22,"6":25,"7":25,"8":25,"9":25,"10":25,"11":27,"12":1,"13":26,"14":26,"15":26,"16":26,"17":3,"18":23,"19":23,"20":23,"21":23,"22":23},"f":{"0":23,"1":25,"2":27,"3":26},"b":{"0":[1,22],"1":[1,26],"2":[27,2],"3":[3,23]},"meta":{"lastBranch":4,"lastFunction":4,"lastStatement":23,"seen":{"f:9:9:9:26":0,"s:10:16:10:32":0,"s:11:18:11:Infinity":1,"b:12:2:13:Infinity:undefined:undefined:undefined:undefined":0,"s:12:2:13:Infinity":2,"s:13:4:13:Infinity":3,"s:15:18:15:69":4,"s:16:2:16:Infinity":5,"s:20:33:20:Infinity":6,"s:21:22:21:Infinity":7,"f:26:2:26:14":1,"s:27:4:27:Infinity":8,"s:28:4:28:Infinity":9,"s:29:4:29:Infinity":10,"f:32:8:32:36":2,"b:33:4:34:Infinity:undefined:undefined:undefined:undefined":1,"s:33:4:34:Infinity":11,"b:33:8:33:22:33:22:33:60":2,"s:34:6:34:Infinity":12,"s:36:4:36:Infinity":13,"f:39:16:39:41":3,"s:40:31:43:Infinity":14,"s:45:21:49:6":15,"b:51:4:55:Infinity:undefined:undefined:undefined:undefined":3,"s:51:4:55:Infinity":16,"s:52:6:55:Infinity":17,"s:58:18:58:39":18,"s:59:4:59:Infinity":19,"s:61:20:61:48":20,"s:62:4:62:Infinity":21,"s:64:4:64:Infinity":22}}}
,"/Users/jblanche/dev/sector-alarm/src/client.ts": {"path":"/Users/jblanche/dev/sector-alarm/src/client.ts","statementMap":{"0":{"start":{"line":15,"column":25},"end":{"line":15,"column":null}},"1":{"start":{"line":24,"column":4},"end":{"line":24,"column":null}},"2":{"start":{"line":25,"column":4},"end":{"line":25,"column":null}},"3":{"start":{"line":26,"column":4},"end":{"line":26,"column":null}},"4":{"start":{"line":27,"column":4},"end":{"line":27,"column":null}},"5":{"start":{"line":31,"column":4},"end":{"line":35,"column":null}},"6":{"start":{"line":39,"column":4},"end":{"line":43,"column":null}},"7":{"start":{"line":47,"column":4},"end":{"line":51,"column":null}},"8":{"start":{"line":55,"column":4},"end":{"line":60,"column":null}},"9":{"start":{"line":64,"column":4},"end":{"line":68,"column":null}},"10":{"start":{"line":72,"column":4},"end":{"line":76,"column":null}},"11":{"start":{"line":80,"column":29},"end":{"line":83,"column":null}},"12":{"start":{"line":84,"column":4},"end":{"line":85,"column":null}},"13":{"start":{"line":85,"column":6},"end":{"line":85,"column":null}},"14":{"start":{"line":87,"column":4},"end":{"line":87,"column":null}},"15":{"start":{"line":91,"column":29},"end":{"line":94,"column":null}},"16":{"start":{"line":95,"column":4},"end":{"line":96,"column":null}},"17":{"start":{"line":96,"column":6},"end":{"line":96,"column":null}},"18":{"start":{"line":98,"column":4},"end":{"line":98,"column":null}},"19":{"start":{"line":102,"column":29},"end":{"line":105,"column":null}},"20":{"start":{"line":106,"column":4},"end":{"line":107,"column":null}},"21":{"start":{"line":107,"column":6},"end":{"line":107,"column":null}},"22":{"start":{"line":109,"column":4},"end":{"line":109,"column":null}},"23":{"start":{"line":113,"column":30},"end":{"line":117,"column":null}},"24":{"start":{"line":118,"column":4},"end":{"line":118,"column":null}},"25":{"start":{"line":122,"column":30},"end":{"line":126,"column":null}},"26":{"start":{"line":127,"column":4},"end":{"line":127,"column":null}}},"fnMap":{"0":{"name":"(anonymous_0)","decl":{"start":{"line":23,"column":2},"end":{"line":23,"column":14}},"loc":{"start":{"line":23,"column":41},"end":{"line":27,"column":null}},"line":23},"1":{"name":"(anonymous_1)","decl":{"start":{"line":30,"column":8},"end":{"line":30,"column":55}},"loc":{"start":{"line":30,"column":55},"end":{"line":35,"column":null}},"line":30},"2":{"name":"(anonymous_2)","decl":{"start":{"line":38,"column":8},"end":{"line":38,"column":56}},"loc":{"start":{"line":38,"column":56},"end":{"line":43,"column":null}},"line":38},"3":{"name":"(anonymous_3)","decl":{"start":{"line":46,"column":8},"end":{"line":46,"column":49}},"loc":{"start":{"line":46,"column":49},"end":{"line":51,"column":null}},"line":46},"4":{"name":"(anonymous_4)","decl":{"start":{"line":54,"column":8},"end":{"line":54,"column":58}},"loc":{"start":{"line":54,"column":58},"end":{"line":60,"column":null}},"line":54},"5":{"name":"(anonymous_5)","decl":{"start":{"line":63,"column":8},"end":{"line":63,"column":42}},"loc":{"start":{"line":63,"column":42},"end":{"line":68,"column":null}},"line":63},"6":{"name":"(anonymous_6)","decl":{"start":{"line":71,"column":8},"end":{"line":71,"column":52}},"loc":{"start":{"line":71,"column":52},"end":{"line":76,"column":null}},"line":71},"7":{"name":"(anonymous_7)","decl":{"start":{"line":79,"column":8},"end":{"line":79,"column":12}},"loc":{"start":{"line":79,"column":52},"end":{"line":87,"column":null}},"line":79},"8":{"name":"(anonymous_8)","decl":{"start":{"line":90,"column":8},"end":{"line":90,"column":19}},"loc":{"start":{"line":90,"column":59},"end":{"line":98,"column":null}},"line":90},"9":{"name":"(anonymous_9)","decl":{"start":{"line":101,"column":8},"end":{"line":101,"column":15}},"loc":{"start":{"line":101,"column":55},"end":{"line":109,"column":null}},"line":101},"10":{"name":"(anonymous_10)","decl":{"start":{"line":112,"column":8},"end":{"line":112,"column":13}},"loc":{"start":{"line":112,"column":51},"end":{"line":118,"column":null}},"line":112},"11":{"name":"(anonymous_11)","decl":{"start":{"line":121,"column":8},"end":{"line":121,"column":15}},"loc":{"start":{"line":121,"column":53},"end":{"line":127,"column":null}},"line":121}},"branchMap":{"0":{"loc":{"start":{"line":24,"column":19},"end":{"line":24,"column":null}},"type":"binary-expr","locations":[{"start":{"line":24,"column":19},"end":{"line":24,"column":37}},{"start":{"line":24,"column":37},"end":{"line":24,"column":null}}],"line":24},"1":{"loc":{"start":{"line":84,"column":4},"end":{"line":85,"column":null}},"type":"if","locations":[{"start":{"line":84,"column":4},"end":{"line":85,"column":null}},{"start":{},"end":{}}],"line":84},"2":{"loc":{"start":{"line":95,"column":4},"end":{"line":96,"column":null}},"type":"if","locations":[{"start":{"line":95,"column":4},"end":{"line":96,"column":null}},{"start":{},"end":{}}],"line":95},"3":{"loc":{"start":{"line":106,"column":4},"end":{"line":107,"column":null}},"type":"if","locations":[{"start":{"line":106,"column":4},"end":{"line":107,"column":null}},{"start":{},"end":{}}],"line":106}},"s":{"0":1,"1":19,"2":19,"3":19,"4":19,"5":7,"6":1,"7":1,"8":1,"9":1,"10":1,"11":2,"12":2,"13":1,"14":2,"15":2,"16":2,"17":1,"18":2,"19":1,"20":1,"21":0,"22":1,"23":1,"24":1,"25":1,"26":1},"f":{"0":19,"1":7,"2":1,"3":1,"4":1,"5":1,"6":1,"7":2,"8":2,"9":1,"10":1,"11":1},"b":{"0":[19,18],"1":[1,1],"2":[1,1],"3":[0,1]},"meta":{"lastBranch":4,"lastFunction":12,"lastStatement":27,"seen":{"s:15:25:15:Infinity":0,"f:23:2:23:14":0,"s:24:4:24:Infinity":1,"b:24:19:24:37:24:37:24:Infinity":0,"s:25:4:25:Infinity":2,"s:26:4:26:Infinity":3,"s:27:4:27:Infinity":4,"f:30:8:30:55":1,"s:31:4:35:Infinity":5,"f:38:8:38:56":2,"s:39:4:43:Infinity":6,"f:46:8:46:49":3,"s:47:4:51:Infinity":7,"f:54:8:54:58":4,"s:55:4:60:Infinity":8,"f:63:8:63:42":5,"s:64:4:68:Infinity":9,"f:71:8:71:52":6,"s:72:4:76:Infinity":10,"f:79:8:79:12":7,"s:80:29:83:Infinity":11,"b:84:4:85:Infinity:undefined:undefined:undefined:undefined":1,"s:84:4:85:Infinity":12,"s:85:6:85:Infinity":13,"s:87:4:87:Infinity":14,"f:90:8:90:19":8,"s:91:29:94:Infinity":15,"b:95:4:96:Infinity:undefined:undefined:undefined:undefined":2,"s:95:4:96:Infinity":16,"s:96:6:96:Infinity":17,"s:98:4:98:Infinity":18,"f:101:8:101:15":9,"s:102:29:105:Infinity":19,"b:106:4:107:Infinity:undefined:undefined:undefined:undefined":3,"s:106:4:107:Infinity":20,"s:107:6:107:Infinity":21,"s:109:4:109:Infinity":22,"f:112:8:112:13":10,"s:113:30:117:Infinity":23,"s:118:4:118:Infinity":24,"f:121:8:121:15":11,"s:122:30:126:Infinity":25,"s:127:4:127:Infinity":26}}}
,"/Users/jblanche/dev/sector-alarm/src/endpoints.ts": {"path":"/Users/jblanche/dev/sector-alarm/src/endpoints.ts","statementMap":{"0":{"start":{"line":12,"column":16},"end":{"line":12,"column":37}},"1":{"start":{"line":14,"column":19},"end":{"line":20,"column":4}},"2":{"start":{"line":22,"column":2},"end":{"line":22,"column":null}},"3":{"start":{"line":31,"column":16},"end":{"line":31,"column":37}},"4":{"start":{"line":33,"column":19},"end":{"line":40,"column":4}},"5":{"start":{"line":42,"column":2},"end":{"line":42,"column":null}},"6":{"start":{"line":46,"column":2},"end":{"line":47,"column":null}},"7":{"start":{"line":47,"column":4},"end":{"line":47,"column":null}},"8":{"start":{"line":50,"column":2},"end":{"line":55,"column":null}},"9":{"start":{"line":51,"column":17},"end":{"line":51,"column":67}},"10":{"start":{"line":51,"column":51},"end":{"line":51,"column":67}},"11":{"start":{"line":52,"column":4},"end":{"line":55,"column":null}},"12":{"start":{"line":58,"column":2},"end":{"line":58,"column":null}}},"fnMap":{"0":{"name":"apiGet","decl":{"start":{"line":7,"column":22},"end":{"line":7,"column":null}},"loc":{"start":{"line":11,"column":14},"end":{"line":22,"column":null}},"line":11},"1":{"name":"apiPost","decl":{"start":{"line":25,"column":22},"end":{"line":25,"column":null}},"loc":{"start":{"line":30,"column":14},"end":{"line":42,"column":null}},"line":30},"2":{"name":"handleResponse","decl":{"start":{"line":45,"column":15},"end":{"line":45,"column":33}},"loc":{"start":{"line":45,"column":65},"end":{"line":58,"column":null}},"line":45},"3":{"name":"(anonymous_3)","decl":{"start":{"line":51,"column":39},"end":{"line":51,"column":51}},"loc":{"start":{"line":51,"column":51},"end":{"line":51,"column":67}},"line":51}},"branchMap":{"0":{"loc":{"start":{"line":46,"column":2},"end":{"line":47,"column":null}},"type":"if","locations":[{"start":{"line":46,"column":2},"end":{"line":47,"column":null}},{"start":{},"end":{}}],"line":46},"1":{"loc":{"start":{"line":50,"column":2},"end":{"line":55,"column":null}},"type":"if","locations":[{"start":{"line":50,"column":2},"end":{"line":55,"column":null}},{"start":{},"end":{}}],"line":50}},"s":{"0":11,"1":9,"2":9,"3":8,"4":8,"5":8,"6":17,"7":1,"8":16,"9":2,"10":0,"11":2,"12":14},"f":{"0":11,"1":8,"2":17,"3":0},"b":{"0":[1,16],"1":[2,14]},"meta":{"lastBranch":2,"lastFunction":4,"lastStatement":13,"seen":{"f:7:22:7:Infinity":0,"s:12:16:12:37":0,"s:14:19:20:4":1,"s:22:2:22:Infinity":2,"f:25:22:25:Infinity":1,"s:31:16:31:37":3,"s:33:19:40:4":4,"s:42:2:42:Infinity":5,"f:45:15:45:33":2,"b:46:2:47:Infinity:undefined:undefined:undefined:undefined":0,"s:46:2:47:Infinity":6,"s:47:4:47:Infinity":7,"b:50:2:55:Infinity:undefined:undefined:undefined:undefined":1,"s:50:2:55:Infinity":8,"s:51:17:51:67":9,"f:51:39:51:51":3,"s:51:51:51:67":10,"s:52:4:55:Infinity":11,"s:58:2:58:Infinity":12}}}
,"/Users/jblanche/dev/sector-alarm/src/types.ts": {"path":"/Users/jblanche/dev/sector-alarm/src/types.ts","statementMap":{"0":{"start":{"line":98,"column":18},"end":{"line":98,"column":null}},"1":{"start":{"line":102,"column":4},"end":{"line":102,"column":null}},"2":{"start":{"line":103,"column":4},"end":{"line":103,"column":null}},"3":{"start":{"line":104,"column":4},"end":{"line":104,"column":null}},"4":{"start":{"line":109,"column":18},"end":{"line":109,"column":null}},"5":{"start":{"line":113,"column":4},"end":{"line":113,"column":null}},"6":{"start":{"line":114,"column":4},"end":{"line":114,"column":null}},"7":{"start":{"line":115,"column":4},"end":{"line":115,"column":null}}},"fnMap":{"0":{"name":"(anonymous_0)","decl":{"start":{"line":101,"column":2},"end":{"line":101,"column":14}},"loc":{"start":{"line":101,"column":47},"end":{"line":104,"column":null}},"line":101},"1":{"name":"(anonymous_1)","decl":{"start":{"line":112,"column":2},"end":{"line":112,"column":14}},"loc":{"start":{"line":112,"column":47},"end":{"line":115,"column":null}},"line":112}},"branchMap":{},"s":{"0":5,"1":5,"2":5,"3":5,"4":2,"5":2,"6":2,"7":2},"f":{"0":5,"1":2},"b":{},"meta":{"lastBranch":0,"lastFunction":2,"lastStatement":8,"seen":{"s:98:18:98:Infinity":0,"f:101:2:101:14":0,"s:102:4:102:Infinity":1,"s:103:4:103:Infinity":2,"s:104:4:104:Infinity":3,"s:109:18:109:Infinity":4,"f:112:2:112:14":1,"s:113:4:113:Infinity":5,"s:114:4:114:Infinity":6,"s:115:4:115:Infinity":7}}}
}
